<?xml version="1.0" encoding="UTF-8"?>
<!-- Generated by org.testng.reporters.JUnitXMLReporter -->
<testsuite hostname="srini-PC" name="Test1" tests="1" failures="0" timestamp="21 Aug 2019 08:31:22 GMT" time="0.02" errors="0">
  <testcase name="@BeforeClass launch" time="0.0" classname="testIng.org.india.App">
    <failure type="java.lang.IllegalStateException" message="The driver executable does not exist: C:\Users\srini\Desktop\org.india\src\driver\chromedriver.exe">
      <![CDATA[java.lang.IllegalStateException: The driver executable does not exist: C:\Users\srini\Desktop\org.india\src\driver\chromedriver.exe
	at com.google.common.base.Preconditions.checkState(Preconditions.java:585)
	at org.openqa.selenium.remote.service.DriverService.checkExecutable(DriverService.java:146)
	at org.openqa.selenium.remote.service.DriverService.findExecutable(DriverService.java:141)
	at org.openqa.selenium.chrome.ChromeDriverService.access$000(ChromeDriverService.java:35)
	at org.openqa.selenium.chrome.ChromeDriverService$Builder.findDefaultExecutable(ChromeDriverService.java:159)
	at org.openqa.selenium.remote.service.DriverService$Builder.build(DriverService.java:355)
	at org.openqa.selenium.chrome.ChromeDriverService.createDefaultService(ChromeDriverService.java:94)
	at org.openqa.selenium.chrome.ChromeDriver.<init>(ChromeDriver.java:123)
	at testIng.org.india.App.launch(App.java:28)
... Removed 25 stack frames]]>
    </failure>
  </testcase> <!-- @BeforeClass launch -->
  <testcase name="tc1" time="0.002" classname="testIng.org.india.App">
    <skipped/>
  </testcase> <!-- tc1 -->
</testsuite> <!-- Test1 -->
